
2016-04-19 18:36:14 INFO  WarehouseInventoryReportPDF:55 - PDF report creation started
2016-04-19 18:36:14 WARN  WarehouseInventoryReportPDF:56 - No inventory records found for PDF report
2016-04-19 18:36:15 TRACE FileSystemFontProvider:199 - Will search the local system for fonts
2016-04-19 18:36:15 TRACE FileSystemFontProvider:213 - Found 335 fonts on the local system
2016-04-19 18:36:15 DEBUG FileSystemFontProvider:655 - Loaded TimesNewRomanPSMT from C:\WINDOWS\FONTS\times.ttf
2016-04-19 18:36:15 DEBUG FileSystemFontProvider:655 - Loaded TimesNewRomanPS-BoldMT from C:\WINDOWS\FONTS\timesbd.ttf
2016-04-19 18:36:15 DEBUG FileSystemFontProvider:655 - Loaded TimesNewRomanPS-ItalicMT from C:\WINDOWS\FONTS\timesi.ttf
2016-04-19 18:36:15 DEBUG FileSystemFontProvider:655 - Loaded TimesNewRomanPS-BoldItalicMT from C:\WINDOWS\FONTS\timesbi.ttf
2016-04-19 18:36:15 DEBUG FileSystemFontProvider:655 - Loaded ArialMT from C:\WINDOWS\FONTS\arial.ttf
2016-04-19 18:36:15 DEBUG FileSystemFontProvider:655 - Loaded Arial-BoldMT from C:\WINDOWS\FONTS\arialbd.ttf
2016-04-19 18:36:15 DEBUG FileSystemFontProvider:655 - Loaded Arial-ItalicMT from C:\WINDOWS\FONTS\ariali.ttf
2016-04-19 18:36:15 DEBUG FileSystemFontProvider:655 - Loaded Arial-BoldItalicMT from C:\WINDOWS\FONTS\arialbi.ttf
2016-04-19 18:36:15 DEBUG FileSystemFontProvider:655 - Loaded CourierNewPSMT from C:\WINDOWS\FONTS\cour.ttf
2016-04-19 18:36:15 DEBUG FileSystemFontProvider:655 - Loaded CourierNewPS-BoldMT from C:\WINDOWS\FONTS\courbd.ttf
2016-04-19 18:36:15 DEBUG FileSystemFontProvider:655 - Loaded CourierNewPS-ItalicMT from C:\WINDOWS\FONTS\couri.ttf
2016-04-19 18:36:15 DEBUG FileSystemFontProvider:655 - Loaded CourierNewPS-BoldItalicMT from C:\WINDOWS\FONTS\courbi.ttf
2016-04-19 18:36:15 DEBUG FileSystemFontProvider:655 - Loaded SymbolMT from C:\WINDOWS\FONTS\symbol.ttf
2016-04-19 18:36:15 DEBUG FileSystemFontProvider:655 - Loaded MS-Gothic from C:\WINDOWS\FONTS\msgothic.ttf
2016-04-19 18:36:15 INFO  WarehouseInventoryReportPDF:173 - Record # 15 will cause a page break
2016-04-19 18:36:15 DEBUG WarehouseInventoryReportPDF:174 - Fetched 27 inventory records for report
2016-04-19 18:36:15 TRACE WarehouseInventoryReportPDF:179 - Writing record # 1 to report
2016-04-19 18:36:15 TRACE WarehouseInventoryReportPDF:179 - Writing record # 2 to report
2016-04-19 18:36:15 TRACE WarehouseInventoryReportPDF:179 - Writing record # 3 to report
2016-04-19 18:36:15 TRACE WarehouseInventoryReportPDF:179 - Writing record # 4 to report
2016-04-19 18:36:15 TRACE WarehouseInventoryReportPDF:179 - Writing record # 5 to report
2016-04-19 18:36:15 TRACE WarehouseInventoryReportPDF:179 - Writing record # 6 to report
2016-04-19 18:36:15 TRACE WarehouseInventoryReportPDF:179 - Writing record # 7 to report
2016-04-19 18:36:15 TRACE WarehouseInventoryReportPDF:179 - Writing record # 8 to report
2016-04-19 18:36:15 TRACE WarehouseInventoryReportPDF:179 - Writing record # 9 to report
2016-04-19 18:36:15 TRACE WarehouseInventoryReportPDF:179 - Writing record # 10 to report
2016-04-19 18:36:15 TRACE WarehouseInventoryReportPDF:179 - Writing record # 11 to report
2016-04-19 18:36:15 TRACE WarehouseInventoryReportPDF:179 - Writing record # 12 to report
2016-04-19 18:36:15 TRACE WarehouseInventoryReportPDF:179 - Writing record # 13 to report
2016-04-19 18:36:15 TRACE WarehouseInventoryReportPDF:179 - Writing record # 14 to report
2016-04-19 18:36:15 TRACE WarehouseInventoryReportPDF:179 - Writing record # 15 to report
2016-04-19 18:36:15 INFO  WarehouseInventoryReportPDF:203 - Page# 1 created
2016-04-19 18:36:15 TRACE WarehouseInventoryReportPDF:179 - Writing record # 16 to report
2016-04-19 18:36:15 TRACE WarehouseInventoryReportPDF:179 - Writing record # 17 to report
2016-04-19 18:36:15 TRACE WarehouseInventoryReportPDF:179 - Writing record # 18 to report
2016-04-19 18:36:15 TRACE WarehouseInventoryReportPDF:179 - Writing record # 19 to report
2016-04-19 18:36:15 TRACE WarehouseInventoryReportPDF:179 - Writing record # 20 to report
2016-04-19 18:36:15 TRACE WarehouseInventoryReportPDF:179 - Writing record # 21 to report
2016-04-19 18:36:15 TRACE WarehouseInventoryReportPDF:179 - Writing record # 22 to report
2016-04-19 18:36:15 TRACE WarehouseInventoryReportPDF:179 - Writing record # 23 to report
2016-04-19 18:36:15 TRACE WarehouseInventoryReportPDF:179 - Writing record # 24 to report
2016-04-19 18:36:15 TRACE WarehouseInventoryReportPDF:179 - Writing record # 25 to report
2016-04-19 18:36:15 TRACE WarehouseInventoryReportPDF:179 - Writing record # 26 to report
2016-04-19 18:36:15 TRACE WarehouseInventoryReportPDF:179 - Writing record # 27 to report
2016-04-19 18:36:15 INFO  WarehouseInventoryReportPDF:268 - Page 2 created
2016-04-19 18:36:15 INFO  WarehouseInventoryReportPDF:282 - writing report to file
2016-04-19 18:37:54 INFO  WarehouseInventoryReportPDF:55 - PDF report creation started
2016-04-19 18:37:54 WARN  WarehouseInventoryReportPDF:56 - No inventory records found for PDF report
2016-04-19 18:37:55 TRACE FileSystemFontProvider:199 - Will search the local system for fonts
2016-04-19 18:37:56 TRACE FileSystemFontProvider:213 - Found 335 fonts on the local system
2016-04-19 18:37:56 DEBUG FileSystemFontProvider:655 - Loaded TimesNewRomanPSMT from C:\WINDOWS\FONTS\times.ttf
2016-04-19 18:37:56 DEBUG FileSystemFontProvider:655 - Loaded TimesNewRomanPS-BoldMT from C:\WINDOWS\FONTS\timesbd.ttf
2016-04-19 18:37:56 DEBUG FileSystemFontProvider:655 - Loaded TimesNewRomanPS-ItalicMT from C:\WINDOWS\FONTS\timesi.ttf
2016-04-19 18:37:56 DEBUG FileSystemFontProvider:655 - Loaded TimesNewRomanPS-BoldItalicMT from C:\WINDOWS\FONTS\timesbi.ttf
2016-04-19 18:37:56 DEBUG FileSystemFontProvider:655 - Loaded ArialMT from C:\WINDOWS\FONTS\arial.ttf
2016-04-19 18:37:56 DEBUG FileSystemFontProvider:655 - Loaded Arial-BoldMT from C:\WINDOWS\FONTS\arialbd.ttf
2016-04-19 18:37:56 DEBUG FileSystemFontProvider:655 - Loaded Arial-ItalicMT from C:\WINDOWS\FONTS\ariali.ttf
2016-04-19 18:37:56 DEBUG FileSystemFontProvider:655 - Loaded Arial-BoldItalicMT from C:\WINDOWS\FONTS\arialbi.ttf
2016-04-19 18:37:56 DEBUG FileSystemFontProvider:655 - Loaded CourierNewPSMT from C:\WINDOWS\FONTS\cour.ttf
2016-04-19 18:37:56 DEBUG FileSystemFontProvider:655 - Loaded CourierNewPS-BoldMT from C:\WINDOWS\FONTS\courbd.ttf
2016-04-19 18:37:56 DEBUG FileSystemFontProvider:655 - Loaded CourierNewPS-ItalicMT from C:\WINDOWS\FONTS\couri.ttf
2016-04-19 18:37:56 DEBUG FileSystemFontProvider:655 - Loaded CourierNewPS-BoldItalicMT from C:\WINDOWS\FONTS\courbi.ttf
2016-04-19 18:37:56 DEBUG FileSystemFontProvider:655 - Loaded SymbolMT from C:\WINDOWS\FONTS\symbol.ttf
2016-04-19 18:37:56 DEBUG FileSystemFontProvider:655 - Loaded MS-Gothic from C:\WINDOWS\FONTS\msgothic.ttf
2016-04-19 18:37:56 INFO  WarehouseInventoryReportPDF:173 - Record # 15 will cause a page break
2016-04-19 18:37:56 DEBUG WarehouseInventoryReportPDF:174 - Fetched 27 inventory records for report
2016-04-19 18:37:56 TRACE WarehouseInventoryReportPDF:179 - Writing record # 1 to report
2016-04-19 18:37:56 TRACE WarehouseInventoryReportPDF:179 - Writing record # 2 to report
2016-04-19 18:37:56 TRACE WarehouseInventoryReportPDF:179 - Writing record # 3 to report
2016-04-19 18:37:56 TRACE WarehouseInventoryReportPDF:179 - Writing record # 4 to report
2016-04-19 18:37:56 TRACE WarehouseInventoryReportPDF:179 - Writing record # 5 to report
2016-04-19 18:37:56 TRACE WarehouseInventoryReportPDF:179 - Writing record # 6 to report
2016-04-19 18:37:56 TRACE WarehouseInventoryReportPDF:179 - Writing record # 7 to report
2016-04-19 18:37:56 TRACE WarehouseInventoryReportPDF:179 - Writing record # 8 to report
2016-04-19 18:37:56 TRACE WarehouseInventoryReportPDF:179 - Writing record # 9 to report
2016-04-19 18:37:56 TRACE WarehouseInventoryReportPDF:179 - Writing record # 10 to report
2016-04-19 18:37:56 TRACE WarehouseInventoryReportPDF:179 - Writing record # 11 to report
2016-04-19 18:37:56 TRACE WarehouseInventoryReportPDF:179 - Writing record # 12 to report
2016-04-19 18:37:56 TRACE WarehouseInventoryReportPDF:179 - Writing record # 13 to report
2016-04-19 18:37:56 TRACE WarehouseInventoryReportPDF:179 - Writing record # 14 to report
2016-04-19 18:37:56 TRACE WarehouseInventoryReportPDF:179 - Writing record # 15 to report
2016-04-19 18:37:56 INFO  WarehouseInventoryReportPDF:203 - Page# 1 created
2016-04-19 18:37:56 TRACE WarehouseInventoryReportPDF:179 - Writing record # 16 to report
2016-04-19 18:37:56 TRACE WarehouseInventoryReportPDF:179 - Writing record # 17 to report
2016-04-19 18:37:56 TRACE WarehouseInventoryReportPDF:179 - Writing record # 18 to report
2016-04-19 18:37:56 TRACE WarehouseInventoryReportPDF:179 - Writing record # 19 to report
2016-04-19 18:37:56 TRACE WarehouseInventoryReportPDF:179 - Writing record # 20 to report
2016-04-19 18:37:56 TRACE WarehouseInventoryReportPDF:179 - Writing record # 21 to report
2016-04-19 18:37:56 TRACE WarehouseInventoryReportPDF:179 - Writing record # 22 to report
2016-04-19 18:37:56 TRACE WarehouseInventoryReportPDF:179 - Writing record # 23 to report
2016-04-19 18:37:56 TRACE WarehouseInventoryReportPDF:179 - Writing record # 24 to report
2016-04-19 18:37:56 TRACE WarehouseInventoryReportPDF:179 - Writing record # 25 to report
2016-04-19 18:37:56 TRACE WarehouseInventoryReportPDF:179 - Writing record # 26 to report
2016-04-19 18:37:56 TRACE WarehouseInventoryReportPDF:179 - Writing record # 27 to report
2016-04-19 18:37:56 INFO  WarehouseInventoryReportPDF:268 - Page 2 created
2016-04-19 18:37:56 INFO  WarehouseInventoryReportPDF:282 - writing report to file
